<?xml version="1.0" encoding="UTF-8"?>
<testsuite xmlns:xsi="http://www.w3.org/2001/XMLSchema-instance" xsi:noNamespaceSchemaLocation="https://maven.apache.org/surefire/maven-surefire-plugin/xsd/surefire-test-report-3.0.xsd" version="3.0" name="com.pet.WebsitePetApplicationTests" time="6.525" tests="1" errors="0" skipped="0" failures="0">
  <properties>
[...]
</properties>
  <testcase name="contextLoads" classname="com.pet.WebsitePetApplicationTests" time="0.389">
    <system-out><![CDATA[16:29:36.202 [main] INFO org.springframework.test.context.support.AnnotationConfigContextLoaderUtils -- Could not detect default configuration classes for test class [com.pet.WebsitePetApplicationTests]: WebsitePetApplicationTests does not declare any static, non-private, non-final, nested classes annotated with @Configuration.
16:29:36.301 [main] INFO org.springframework.boot.test.context.SpringBootTestContextBootstrapper -- Found @SpringBootConfiguration com.pet.WebsitePetApplication for test class com.pet.WebsitePetApplicationTests

  .   ____          _            __ _ _
 /\\ / ___'_ __ _ _(_)_ __  __ _ \ \ \ \
( ( )\___ | '_ | '_| | '_ \/ _` | \ \ \ \
 \\/  ___)| |_)| | | | | || (_| |  ) ) ) )
  '  |____| .__|_| |_|_| |_\__, | / / / /
 =========|_|==============|___/=/_/_/_/

 :: Spring Boot ::                (v3.3.4)

2025-10-19T16:29:36.724+07:00  INFO 11608 --- [petShop-petopia] [           main] com.pet.WebsitePetApplicationTests       : Starting WebsitePetApplicationTests using Java 21.0.4 with PID 11608 (started by ACER in D:\IUH\HK1_Nam4\Java WWW\Đề tài\petopia-petshop\PetShop-petopia\PetShop-petopia-serverr)
2025-10-19T16:29:36.725+07:00  INFO 11608 --- [petShop-petopia] [           main] com.pet.WebsitePetApplicationTests       : The following 1 profile is active: "dev"
2025-10-19T16:29:37.590+07:00  INFO 11608 --- [petShop-petopia] [           main] .s.d.r.c.RepositoryConfigurationDelegate : Bootstrapping Spring Data JPA repositories in DEFAULT mode.
2025-10-19T16:29:37.601+07:00 DEBUG 11608 --- [petShop-petopia] [           main] .s.d.r.c.RepositoryConfigurationDelegate : Scanning for JPA repositories in packages com.pet.
2025-10-19T16:29:37.618+07:00 DEBUG 11608 --- [petShop-petopia] [           main] o.s.d.r.c.RepositoryComponentProvider    : Identified candidate component class: file [D:\IUH\HK1_Nam4\Java WWW\Đề tài\petopia-petshop\PetShop-petopia\PetShop-petopia-serverr\target\classes\com\pet\repository\CategoryRepository.class]
2025-10-19T16:29:37.619+07:00 DEBUG 11608 --- [petShop-petopia] [           main] o.s.d.r.c.RepositoryComponentProvider    : Identified candidate component class: file [D:\IUH\HK1_Nam4\Java WWW\Đề tài\petopia-petshop\PetShop-petopia\PetShop-petopia-serverr\target\classes\com\pet\repository\PetImageRepository.class]
2025-10-19T16:29:37.619+07:00 DEBUG 11608 --- [petShop-petopia] [           main] o.s.d.r.c.RepositoryComponentProvider    : Identified candidate component class: file [D:\IUH\HK1_Nam4\Java WWW\Đề tài\petopia-petshop\PetShop-petopia\PetShop-petopia-serverr\target\classes\com\pet\repository\PetRepository.class]
2025-10-19T16:29:37.619+07:00 DEBUG 11608 --- [petShop-petopia] [           main] o.s.d.r.c.RepositoryComponentProvider    : Identified candidate component class: file [D:\IUH\HK1_Nam4\Java WWW\Đề tài\petopia-petshop\PetShop-petopia\PetShop-petopia-serverr\target\classes\com\pet\repository\PromotionRepository.class]
2025-10-19T16:29:37.620+07:00 DEBUG 11608 --- [petShop-petopia] [           main] o.s.d.r.c.RepositoryComponentProvider    : Identified candidate component class: file [D:\IUH\HK1_Nam4\Java WWW\Đề tài\petopia-petshop\PetShop-petopia\PetShop-petopia-serverr\target\classes\com\pet\repository\VoucherRepository.class]
2025-10-19T16:29:37.680+07:00  INFO 11608 --- [petShop-petopia] [           main] .s.d.r.c.RepositoryConfigurationDelegate : Finished Spring Data repository scanning in 76 ms. Found 5 JPA repository interfaces.
2025-10-19T16:29:38.299+07:00  INFO 11608 --- [petShop-petopia] [           main] o.hibernate.jpa.internal.util.LogHelper  : HHH000204: Processing PersistenceUnitInfo [name: default]
2025-10-19T16:29:38.380+07:00  INFO 11608 --- [petShop-petopia] [           main] org.hibernate.Version                    : HHH000412: Hibernate ORM core version 6.5.3.Final
2025-10-19T16:29:38.434+07:00  INFO 11608 --- [petShop-petopia] [           main] o.h.c.internal.RegionFactoryInitiator    : HHH000026: Second-level cache disabled
2025-10-19T16:29:38.696+07:00  INFO 11608 --- [petShop-petopia] [           main] o.s.o.j.p.SpringPersistenceUnitInfo      : No LoadTimeWeaver setup: ignoring JPA class transformer
2025-10-19T16:29:38.716+07:00  INFO 11608 --- [petShop-petopia] [           main] com.zaxxer.hikari.HikariDataSource       : HikariPool-1 - Starting...
2025-10-19T16:29:38.975+07:00  INFO 11608 --- [petShop-petopia] [           main] com.zaxxer.hikari.pool.HikariPool        : HikariPool-1 - Added connection com.mysql.cj.jdbc.ConnectionImpl@3b01897f
2025-10-19T16:29:38.977+07:00  INFO 11608 --- [petShop-petopia] [           main] com.zaxxer.hikari.HikariDataSource       : HikariPool-1 - Start completed.
2025-10-19T16:29:39.023+07:00  WARN 11608 --- [petShop-petopia] [           main] org.hibernate.orm.deprecation            : HHH90000025: MySQL8Dialect does not need to be specified explicitly using 'hibernate.dialect' (remove the property setting and it will be selected by default)
2025-10-19T16:29:39.023+07:00  WARN 11608 --- [petShop-petopia] [           main] org.hibernate.orm.deprecation            : HHH90000026: MySQL8Dialect has been deprecated; use org.hibernate.dialect.MySQLDialect instead
2025-10-19T16:29:40.215+07:00  INFO 11608 --- [petShop-petopia] [           main] o.h.e.t.j.p.i.JtaPlatformInitiator       : HHH000489: No JTA platform available (set 'hibernate.transaction.jta.platform' to enable JTA platform integration)
2025-10-19T16:29:40.217+07:00  INFO 11608 --- [petShop-petopia] [           main] j.LocalContainerEntityManagerFactoryBean : Initialized JPA EntityManagerFactory for persistence unit 'default'
2025-10-19T16:29:40.708+07:00 DEBUG 11608 --- [petShop-petopia] [           main] o.s.d.r.c.s.RepositoryFactorySupport     : Initializing repository instance for com.pet.repository.CategoryRepository…
2025-10-19T16:29:40.813+07:00 DEBUG 11608 --- [petShop-petopia] [           main] o.s.d.r.c.s.RepositoryFactorySupport     : Finished creation of repository instance for com.pet.repository.CategoryRepository.
2025-10-19T16:29:40.839+07:00 DEBUG 11608 --- [petShop-petopia] [           main] o.s.d.r.c.s.RepositoryFactorySupport     : Initializing repository instance for com.pet.repository.PetRepository…
2025-10-19T16:29:40.926+07:00 DEBUG 11608 --- [petShop-petopia] [           main] o.s.d.r.c.s.RepositoryFactorySupport     : Finished creation of repository instance for com.pet.repository.PetRepository.
2025-10-19T16:29:40.932+07:00 DEBUG 11608 --- [petShop-petopia] [           main] o.s.d.r.c.s.RepositoryFactorySupport     : Initializing repository instance for com.pet.repository.PetImageRepository…
2025-10-19T16:29:40.979+07:00 DEBUG 11608 --- [petShop-petopia] [           main] o.s.d.r.c.s.RepositoryFactorySupport     : Finished creation of repository instance for com.pet.repository.PetImageRepository.
2025-10-19T16:29:41.011+07:00 DEBUG 11608 --- [petShop-petopia] [           main] o.s.d.r.c.s.RepositoryFactorySupport     : Initializing repository instance for com.pet.repository.PromotionRepository…
2025-10-19T16:29:41.021+07:00 DEBUG 11608 --- [petShop-petopia] [           main] o.s.d.r.c.s.RepositoryFactorySupport     : Finished creation of repository instance for com.pet.repository.PromotionRepository.
2025-10-19T16:29:41.043+07:00 DEBUG 11608 --- [petShop-petopia] [           main] o.s.d.r.c.s.RepositoryFactorySupport     : Initializing repository instance for com.pet.repository.VoucherRepository…
2025-10-19T16:29:41.049+07:00 DEBUG 11608 --- [petShop-petopia] [           main] o.s.d.r.c.s.RepositoryFactorySupport     : Finished creation of repository instance for com.pet.repository.VoucherRepository.
2025-10-19T16:29:41.301+07:00  WARN 11608 --- [petShop-petopia] [           main] JpaBaseConfiguration$JpaWebConfiguration : spring.jpa.open-in-view is enabled by default. Therefore, database queries may be performed during view rendering. Explicitly configure spring.jpa.open-in-view to disable this warning
2025-10-19T16:29:42.177+07:00  INFO 11608 --- [petShop-petopia] [           main] com.pet.WebsitePetApplicationTests       : Started WebsitePetApplicationTests in 5.746 seconds (process running for 6.535)
]]></system-out>
    <system-err><![CDATA[WARNING: A Java agent has been loaded dynamically (C:\Users\ACER\.m2\repository\net\bytebuddy\byte-buddy-agent\1.14.19\byte-buddy-agent-1.14.19.jar)
WARNING: If a serviceability tool is in use, please run with -XX:+EnableDynamicAgentLoading to hide this warning
WARNING: If a serviceability tool is not in use, please run with -Djdk.instrument.traceUsage for more information
WARNING: Dynamic loading of agents will be disallowed by default in a future release
]]></system-err>
  </testcase>
</testsuite>